#! /usr/local/Cellar/icarus-verilog/10.1.1/bin/vvp
:ivl_version "10.1 (stable)" "(v10_1_1)";
:ivl_delay_selection "TYPICAL";
:vpi_time_precision - 12;
:vpi_module "system";
:vpi_module "vhdl_sys";
:vpi_module "v2005_math";
:vpi_module "va_math";
S_0x7fa95bc08920 .scope module, "tb_lab2" "tb_lab2" 2 5;
 .timescale -9 -12;
v0x7fa95bc29420_0 .var "CLK", 0 0;
v0x7fa95bc294b0_0 .var/s "correct_ans", 15 0;
v0x7fa95bc29540_0 .var "count", 5 0;
v0x7fa95bc295d0_0 .var "error", 0 0;
v0x7fa95bc29670_0 .var/s "in_a", 7 0;
v0x7fa95bc29750_0 .var/s "in_b", 7 0;
v0x7fa95bc29800_0 .net/s "out", 15 0, v0x7fa95bc28f00_0;  1 drivers
v0x7fa95bc298b0_0 .net "out_valid", 0 0, v0x7fa95bc28fb0_0;  1 drivers
v0x7fa95bc29960_0 .var "reset", 0 0;
v0x7fa95bc29a90_0 .var/s "temp_a", 7 0;
v0x7fa95bc29b20_0 .var/s "temp_b", 7 0;
S_0x7fa95bc03270 .scope module, "m1" "lab" 2 23, 3 2 0, S_0x7fa95bc08920;
 .timescale -9 -12;
    .port_info 0 /INPUT 1 "CLK"
    .port_info 1 /INPUT 1 "RST"
    .port_info 2 /INPUT 8 "in_a"
    .port_info 3 /INPUT 8 "in_b"
    .port_info 4 /OUTPUT 16 "Product"
    .port_info 5 /OUTPUT 1 "Product_Valid"
v0x7fa95bc122d0_0 .net "CLK", 0 0, v0x7fa95bc29420_0;  1 drivers
v0x7fa95bc28db0_0 .var "Counter", 5 0;
v0x7fa95bc28e50_0 .var "Mplicand", 15 0;
v0x7fa95bc28f00_0 .var "Product", 15 0;
v0x7fa95bc28fb0_0 .var "Product_Valid", 0 0;
v0x7fa95bc29090_0 .net "RST", 0 0, v0x7fa95bc29960_0;  1 drivers
v0x7fa95bc29130_0 .net "in_a", 7 0, v0x7fa95bc29670_0;  1 drivers
v0x7fa95bc291e0_0 .net "in_b", 7 0, v0x7fa95bc29750_0;  1 drivers
v0x7fa95bc29290_0 .var "sign", 0 0;
E_0x7fa95bc147d0 .event posedge, v0x7fa95bc29090_0, v0x7fa95bc122d0_0;
    .scope S_0x7fa95bc03270;
T_0 ;
    %wait E_0x7fa95bc147d0;
    %load/vec4 v0x7fa95bc29090_0;
    %flag_set/vec4 8;
    %jmp/0xz  T_0.0, 8;
    %pushi/vec4 0, 0, 6;
    %assign/vec4 v0x7fa95bc28db0_0, 0;
    %jmp T_0.1;
T_0.0 ;
    %load/vec4 v0x7fa95bc28db0_0;
    %addi 1, 0, 6;
    %assign/vec4 v0x7fa95bc28db0_0, 0;
T_0.1 ;
    %jmp T_0;
    .thread T_0;
    .scope S_0x7fa95bc03270;
T_1 ;
    %wait E_0x7fa95bc147d0;
    %load/vec4 v0x7fa95bc29090_0;
    %flag_set/vec4 8;
    %jmp/0xz  T_1.0, 8;
    %pushi/vec4 0, 0, 16;
    %assign/vec4 v0x7fa95bc28f00_0, 0;
    %pushi/vec4 0, 0, 16;
    %assign/vec4 v0x7fa95bc28e50_0, 0;
    %jmp T_1.1;
T_1.0 ;
    %load/vec4 v0x7fa95bc28db0_0;
    %cmpi/e 0, 0, 6;
    %jmp/0xz  T_1.2, 4;
    %load/vec4 v0x7fa95bc29130_0;
    %parti/s 1, 7, 4;
    %cmpi/e 1, 0, 1;
    %jmp/0xz  T_1.4, 4;
    %load/vec4 v0x7fa95bc29130_0;
    %inv;
    %addi 1, 0, 8;
    %concati/vec4 0, 0, 8;
    %assign/vec4 v0x7fa95bc28e50_0, 0;
    %jmp T_1.5;
T_1.4 ;
    %load/vec4 v0x7fa95bc29130_0;
    %concati/vec4 0, 0, 8;
    %assign/vec4 v0x7fa95bc28e50_0, 0;
T_1.5 ;
    %load/vec4 v0x7fa95bc291e0_0;
    %parti/s 1, 7, 4;
    %cmpi/e 1, 0, 1;
    %jmp/0xz  T_1.6, 4;
    %pushi/vec4 0, 0, 8;
    %load/vec4 v0x7fa95bc291e0_0;
    %inv;
    %addi 1, 0, 8;
    %concat/vec4; draw_concat_vec4
    %assign/vec4 v0x7fa95bc28f00_0, 0;
    %jmp T_1.7;
T_1.6 ;
    %pushi/vec4 0, 0, 8;
    %load/vec4 v0x7fa95bc291e0_0;
    %concat/vec4; draw_concat_vec4
    %assign/vec4 v0x7fa95bc28f00_0, 0;
T_1.7 ;
    %load/vec4 v0x7fa95bc29130_0;
    %parti/s 1, 7, 4;
    %load/vec4 v0x7fa95bc291e0_0;
    %parti/s 1, 7, 4;
    %xor;
    %assign/vec4 v0x7fa95bc29290_0, 0;
    %jmp T_1.3;
T_1.2 ;
    %load/vec4 v0x7fa95bc28db0_0;
    %cmpi/u 8, 0, 6;
    %flag_or 5, 4;
    %jmp/0xz  T_1.8, 5;
    %load/vec4 v0x7fa95bc28f00_0;
    %parti/s 1, 0, 2;
    %cmpi/e 1, 0, 1;
    %jmp/0xz  T_1.10, 4;
    %load/vec4 v0x7fa95bc28f00_0;
    %load/vec4 v0x7fa95bc28e50_0;
    %add;
    %ix/load 4, 1, 0;
    %flag_set/imm 4, 0;
    %shiftr 4;
    %assign/vec4 v0x7fa95bc28f00_0, 0;
    %jmp T_1.11;
T_1.10 ;
    %load/vec4 v0x7fa95bc28f00_0;
    %ix/load 4, 1, 0;
    %flag_set/imm 4, 0;
    %shiftr 4;
    %assign/vec4 v0x7fa95bc28f00_0, 0;
T_1.11 ;
    %jmp T_1.9;
T_1.8 ;
    %load/vec4 v0x7fa95bc29290_0;
    %flag_set/vec4 8;
    %jmp/0xz  T_1.12, 8;
    %load/vec4 v0x7fa95bc28f00_0;
    %inv;
    %addi 1, 0, 16;
    %assign/vec4 v0x7fa95bc28f00_0, 0;
    %pushi/vec4 0, 0, 1;
    %assign/vec4 v0x7fa95bc29290_0, 0;
    %jmp T_1.13;
T_1.12 ;
    %load/vec4 v0x7fa95bc28f00_0;
    %assign/vec4 v0x7fa95bc28f00_0, 0;
T_1.13 ;
T_1.9 ;
T_1.3 ;
T_1.1 ;
    %jmp T_1;
    .thread T_1;
    .scope S_0x7fa95bc03270;
T_2 ;
    %wait E_0x7fa95bc147d0;
    %load/vec4 v0x7fa95bc29090_0;
    %flag_set/vec4 8;
    %jmp/0xz  T_2.0, 8;
    %pushi/vec4 0, 0, 1;
    %assign/vec4 v0x7fa95bc28fb0_0, 0;
    %jmp T_2.1;
T_2.0 ;
    %load/vec4 v0x7fa95bc28db0_0;
    %cmpi/e 9, 0, 6;
    %jmp/0xz  T_2.2, 4;
    %pushi/vec4 1, 0, 1;
    %assign/vec4 v0x7fa95bc28fb0_0, 0;
    %jmp T_2.3;
T_2.2 ;
    %pushi/vec4 0, 0, 1;
    %assign/vec4 v0x7fa95bc28fb0_0, 0;
T_2.3 ;
T_2.1 ;
    %jmp T_2;
    .thread T_2;
    .scope S_0x7fa95bc08920;
T_3 ;
    %pushi/vec4 0, 0, 1;
    %store/vec4 v0x7fa95bc29420_0, 0, 1;
    %delay 20000, 0;
    %pushi/vec4 1, 0, 1;
    %store/vec4 v0x7fa95bc29960_0, 0, 1;
    %pushi/vec4 73, 0, 8;
    %store/vec4 v0x7fa95bc29a90_0, 0, 8;
    %pushi/vec4 91, 0, 8;
    %store/vec4 v0x7fa95bc29b20_0, 0, 8;
    %delay 20000, 0;
    %pushi/vec4 0, 0, 1;
    %store/vec4 v0x7fa95bc29960_0, 0, 1;
    %delay 700000, 0;
    %pushi/vec4 1, 0, 1;
    %store/vec4 v0x7fa95bc29960_0, 0, 1;
    %pushi/vec4 0, 0, 8;
    %store/vec4 v0x7fa95bc29a90_0, 0, 8;
    %pushi/vec4 43, 0, 8;
    %store/vec4 v0x7fa95bc29b20_0, 0, 8;
    %delay 20000, 0;
    %pushi/vec4 0, 0, 1;
    %store/vec4 v0x7fa95bc29960_0, 0, 1;
    %delay 700000, 0;
    %pushi/vec4 1, 0, 1;
    %store/vec4 v0x7fa95bc29960_0, 0, 1;
    %pushi/vec4 10, 0, 8;
    %store/vec4 v0x7fa95bc29a90_0, 0, 8;
    %pushi/vec4 14, 0, 8;
    %store/vec4 v0x7fa95bc29b20_0, 0, 8;
    %delay 20000, 0;
    %pushi/vec4 0, 0, 1;
    %store/vec4 v0x7fa95bc29960_0, 0, 1;
    %delay 700000, 0;
    %pushi/vec4 1, 0, 1;
    %store/vec4 v0x7fa95bc29960_0, 0, 1;
    %pushi/vec4 12, 0, 8;
    %store/vec4 v0x7fa95bc29a90_0, 0, 8;
    %pushi/vec4 79, 0, 8;
    %store/vec4 v0x7fa95bc29b20_0, 0, 8;
    %delay 20000, 0;
    %pushi/vec4 0, 0, 1;
    %store/vec4 v0x7fa95bc29960_0, 0, 1;
    %delay 700000, 0;
    %pushi/vec4 1, 0, 1;
    %store/vec4 v0x7fa95bc29960_0, 0, 1;
    %pushi/vec4 100, 0, 8;
    %store/vec4 v0x7fa95bc29a90_0, 0, 8;
    %pushi/vec4 60, 0, 8;
    %store/vec4 v0x7fa95bc29b20_0, 0, 8;
    %delay 20000, 0;
    %pushi/vec4 0, 0, 1;
    %store/vec4 v0x7fa95bc29960_0, 0, 1;
    %delay 20000, 0;
    %pushi/vec4 0, 0, 1;
    %store/vec4 v0x7fa95bc29960_0, 0, 1;
    %delay 700000, 0;
    %vpi_call 2 62 "$finish" {0 0 0};
    %end;
    .thread T_3;
    .scope S_0x7fa95bc08920;
T_4 ;
    %delay 10000, 0;
    %load/vec4 v0x7fa95bc29420_0;
    %inv;
    %store/vec4 v0x7fa95bc29420_0, 0, 1;
    %jmp T_4;
    .thread T_4;
    .scope S_0x7fa95bc08920;
T_5 ;
    %wait E_0x7fa95bc147d0;
    %load/vec4 v0x7fa95bc29960_0;
    %flag_set/vec4 8;
    %jmp/0xz  T_5.0, 8;
    %pushi/vec4 0, 0, 6;
    %assign/vec4 v0x7fa95bc29540_0, 0;
    %load/vec4 v0x7fa95bc29a90_0;
    %assign/vec4 v0x7fa95bc29670_0, 0;
    %load/vec4 v0x7fa95bc29b20_0;
    %assign/vec4 v0x7fa95bc29750_0, 0;
    %pushi/vec4 0, 0, 16;
    %assign/vec4 v0x7fa95bc294b0_0, 0;
    %pushi/vec4 0, 0, 1;
    %assign/vec4 v0x7fa95bc295d0_0, 0;
    %jmp T_5.1;
T_5.0 ;
    %load/vec4 v0x7fa95bc29670_0;
    %pad/s 16;
    %load/vec4 v0x7fa95bc29750_0;
    %pad/s 16;
    %mul;
    %assign/vec4 v0x7fa95bc294b0_0, 0;
    %load/vec4 v0x7fa95bc29540_0;
    %addi 1, 0, 6;
    %assign/vec4 v0x7fa95bc29540_0, 0;
    %load/vec4 v0x7fa95bc298b0_0;
    %pad/u 32;
    %cmpi/e 1, 0, 32;
    %jmp/0xz  T_5.2, 4;
    %load/vec4 v0x7fa95bc29800_0;
    %load/vec4 v0x7fa95bc294b0_0;
    %cmp/ne;
    %jmp/0xz  T_5.4, 4;
    %pushi/vec4 1, 0, 1;
    %assign/vec4 v0x7fa95bc295d0_0, 0;
    %vpi_call 2 89 "$display" {0 0 0};
    %vpi_call 2 90 "$display", "//////////" {0 0 0};
    %vpi_call 2 91 "$display", "// Fail //" {0 0 0};
    %vpi_call 2 92 "$display", "//////////" {0 0 0};
    %vpi_call 2 93 "$display", "doing %d * %d ...", v0x7fa95bc29a90_0, v0x7fa95bc29b20_0 {0 0 0};
    %vpi_call 2 94 "$display", "your answer is %d, but correct answer is %d\012", v0x7fa95bc29800_0, v0x7fa95bc294b0_0 {0 0 0};
    %vpi_call 2 96 "$display" {0 0 0};
    %jmp T_5.5;
T_5.4 ;
    %pushi/vec4 0, 0, 1;
    %assign/vec4 v0x7fa95bc295d0_0, 0;
    %vpi_call 2 101 "$display" {0 0 0};
    %vpi_call 2 102 "$display", "////////////////" {0 0 0};
    %vpi_call 2 103 "$display", "// Successful //" {0 0 0};
    %vpi_call 2 104 "$display", "////////////////" {0 0 0};
    %vpi_call 2 105 "$display", "doing %d * %d ...", v0x7fa95bc29a90_0, v0x7fa95bc29b20_0 {0 0 0};
    %vpi_call 2 106 "$display", "your answer is %d,  correct answer is %d\012", v0x7fa95bc29800_0, v0x7fa95bc294b0_0 {0 0 0};
    %vpi_call 2 108 "$display" {0 0 0};
T_5.5 ;
T_5.2 ;
T_5.1 ;
    %jmp T_5;
    .thread T_5;
# The file index is used to find the file name in the following table.
:file_names 4;
    "N/A";
    "<interactive>";
    "tb_mulv3_unsigned.v";
    "./lab9.v";
