#! /usr/local/Cellar/icarus-verilog/10.1.1/bin/vvp
:ivl_version "10.1 (stable)" "(v10_1_1)";
:ivl_delay_selection "TYPICAL";
:vpi_time_precision - 12;
:vpi_module "system";
:vpi_module "vhdl_sys";
:vpi_module "v2005_math";
:vpi_module "va_math";
S_0x7fb19d407ce0 .scope module, "tb_lab2" "tb_lab2" 2 5;
 .timescale -9 -12;
v0x7fb19d418600_0 .var "CLK", 0 0;
v0x7fb19d418690_0 .var/s "correct_ans", 15 0;
v0x7fb19d418720_0 .var "count", 5 0;
v0x7fb19d4187b0_0 .var "error", 0 0;
v0x7fb19d418850_0 .var/s "in_a", 7 0;
v0x7fb19d418930_0 .var/s "in_b", 7 0;
v0x7fb19d4189e0_0 .net/s "out", 15 0, v0x7fb19d418180_0;  1 drivers
v0x7fb19d418a90_0 .net "out_valid", 0 0, v0x7fb19d418270_0;  1 drivers
v0x7fb19d418b40_0 .var "reset", 0 0;
v0x7fb19d418c70_0 .var/s "temp_a", 7 0;
v0x7fb19d418d00_0 .var/s "temp_b", 7 0;
S_0x7fb19d407e40 .scope module, "m1" "lab" 2 23, 3 2 0, S_0x7fb19d407ce0;
 .timescale -9 -12;
    .port_info 0 /INPUT 1 "CLK"
    .port_info 1 /INPUT 1 "RST"
    .port_info 2 /INPUT 8 "in_a"
    .port_info 3 /INPUT 8 "in_b"
    .port_info 4 /OUTPUT 16 "Product"
    .port_info 5 /OUTPUT 1 "Product_Valid"
v0x7fb19d407fa0_0 .net "CLK", 0 0, v0x7fb19d418600_0;  1 drivers
v0x7fb19d417f80_0 .var "Counter", 5 0;
v0x7fb19d418020_0 .var "Mplicand", 15 0;
v0x7fb19d4180d0_0 .var "Mplier", 7 0;
v0x7fb19d418180_0 .var "Product", 15 0;
v0x7fb19d418270_0 .var "Product_Valid", 0 0;
v0x7fb19d418310_0 .net "RST", 0 0, v0x7fb19d418b40_0;  1 drivers
v0x7fb19d4183b0_0 .net "in_a", 7 0, v0x7fb19d418850_0;  1 drivers
v0x7fb19d418460_0 .net "in_b", 7 0, v0x7fb19d418930_0;  1 drivers
E_0x7fb19d4069f0 .event posedge, v0x7fb19d418310_0, v0x7fb19d407fa0_0;
    .scope S_0x7fb19d407e40;
T_0 ;
    %wait E_0x7fb19d4069f0;
    %load/vec4 v0x7fb19d418310_0;
    %flag_set/vec4 8;
    %jmp/0xz  T_0.0, 8;
    %pushi/vec4 0, 0, 6;
    %assign/vec4 v0x7fb19d417f80_0, 0;
    %jmp T_0.1;
T_0.0 ;
    %load/vec4 v0x7fb19d417f80_0;
    %addi 1, 0, 6;
    %assign/vec4 v0x7fb19d417f80_0, 0;
T_0.1 ;
    %jmp T_0;
    .thread T_0;
    .scope S_0x7fb19d407e40;
T_1 ;
    %wait E_0x7fb19d4069f0;
    %load/vec4 v0x7fb19d418310_0;
    %flag_set/vec4 8;
    %jmp/0xz  T_1.0, 8;
    %pushi/vec4 0, 0, 16;
    %assign/vec4 v0x7fb19d418180_0, 0;
    %pushi/vec4 0, 0, 16;
    %assign/vec4 v0x7fb19d418020_0, 0;
    %pushi/vec4 0, 0, 8;
    %assign/vec4 v0x7fb19d4180d0_0, 0;
    %jmp T_1.1;
T_1.0 ;
    %load/vec4 v0x7fb19d417f80_0;
    %cmpi/e 0, 0, 6;
    %jmp/0xz  T_1.2, 4;
    %pushi/vec4 0, 0, 16;
    %assign/vec4 v0x7fb19d418180_0, 0;
    %pushi/vec4 0, 0, 8;
    %load/vec4 v0x7fb19d4183b0_0;
    %concat/vec4; draw_concat_vec4
    %assign/vec4 v0x7fb19d418020_0, 0;
    %load/vec4 v0x7fb19d418460_0;
    %assign/vec4 v0x7fb19d4180d0_0, 0;
    %jmp T_1.3;
T_1.2 ;
    %load/vec4 v0x7fb19d417f80_0;
    %cmpi/u 8, 0, 6;
    %flag_or 5, 4;
    %jmp/0xz  T_1.4, 5;
    %load/vec4 v0x7fb19d4180d0_0;
    %parti/s 1, 0, 2;
    %cmpi/e 1, 0, 1;
    %jmp/0xz  T_1.6, 4;
    %load/vec4 v0x7fb19d418020_0;
    %load/vec4 v0x7fb19d418180_0;
    %add;
    %assign/vec4 v0x7fb19d418180_0, 0;
T_1.6 ;
    %load/vec4 v0x7fb19d418020_0;
    %ix/load 4, 1, 0;
    %flag_set/imm 4, 0;
    %shiftl 4;
    %assign/vec4 v0x7fb19d418020_0, 0;
    %load/vec4 v0x7fb19d4180d0_0;
    %ix/load 4, 1, 0;
    %flag_set/imm 4, 0;
    %shiftr 4;
    %assign/vec4 v0x7fb19d4180d0_0, 0;
    %jmp T_1.5;
T_1.4 ;
    %load/vec4 v0x7fb19d418180_0;
    %assign/vec4 v0x7fb19d418180_0, 0;
    %load/vec4 v0x7fb19d418020_0;
    %assign/vec4 v0x7fb19d418020_0, 0;
    %load/vec4 v0x7fb19d4180d0_0;
    %assign/vec4 v0x7fb19d4180d0_0, 0;
T_1.5 ;
T_1.3 ;
T_1.1 ;
    %jmp T_1;
    .thread T_1;
    .scope S_0x7fb19d407e40;
T_2 ;
    %wait E_0x7fb19d4069f0;
    %load/vec4 v0x7fb19d418310_0;
    %flag_set/vec4 8;
    %jmp/0xz  T_2.0, 8;
    %pushi/vec4 0, 0, 1;
    %assign/vec4 v0x7fb19d418270_0, 0;
    %jmp T_2.1;
T_2.0 ;
    %load/vec4 v0x7fb19d417f80_0;
    %cmpi/e 9, 0, 6;
    %jmp/0xz  T_2.2, 4;
    %pushi/vec4 1, 0, 1;
    %assign/vec4 v0x7fb19d418270_0, 0;
    %jmp T_2.3;
T_2.2 ;
    %pushi/vec4 0, 0, 1;
    %assign/vec4 v0x7fb19d418270_0, 0;
T_2.3 ;
T_2.1 ;
    %jmp T_2;
    .thread T_2;
    .scope S_0x7fb19d407ce0;
T_3 ;
    %pushi/vec4 0, 0, 1;
    %store/vec4 v0x7fb19d418600_0, 0, 1;
    %delay 20000, 0;
    %pushi/vec4 1, 0, 1;
    %store/vec4 v0x7fb19d418b40_0, 0, 1;
    %pushi/vec4 3, 0, 8;
    %store/vec4 v0x7fb19d418c70_0, 0, 8;
    %pushi/vec4 9, 0, 8;
    %store/vec4 v0x7fb19d418d00_0, 0, 8;
    %delay 20000, 0;
    %pushi/vec4 0, 0, 1;
    %store/vec4 v0x7fb19d418b40_0, 0, 1;
    %delay 700000, 0;
    %pushi/vec4 1, 0, 1;
    %store/vec4 v0x7fb19d418b40_0, 0, 1;
    %pushi/vec4 0, 0, 8;
    %store/vec4 v0x7fb19d418c70_0, 0, 8;
    %pushi/vec4 3, 0, 8;
    %store/vec4 v0x7fb19d418d00_0, 0, 8;
    %delay 20000, 0;
    %pushi/vec4 0, 0, 1;
    %store/vec4 v0x7fb19d418b40_0, 0, 1;
    %delay 700000, 0;
    %pushi/vec4 1, 0, 1;
    %store/vec4 v0x7fb19d418b40_0, 0, 1;
    %pushi/vec4 10, 0, 8;
    %store/vec4 v0x7fb19d418c70_0, 0, 8;
    %pushi/vec4 14, 0, 8;
    %store/vec4 v0x7fb19d418d00_0, 0, 8;
    %delay 20000, 0;
    %pushi/vec4 0, 0, 1;
    %store/vec4 v0x7fb19d418b40_0, 0, 1;
    %delay 700000, 0;
    %pushi/vec4 1, 0, 1;
    %store/vec4 v0x7fb19d418b40_0, 0, 1;
    %pushi/vec4 123, 0, 8;
    %store/vec4 v0x7fb19d418c70_0, 0, 8;
    %pushi/vec4 7, 0, 8;
    %store/vec4 v0x7fb19d418d00_0, 0, 8;
    %delay 20000, 0;
    %pushi/vec4 0, 0, 1;
    %store/vec4 v0x7fb19d418b40_0, 0, 1;
    %delay 700000, 0;
    %pushi/vec4 1, 0, 1;
    %store/vec4 v0x7fb19d418b40_0, 0, 1;
    %pushi/vec4 1, 0, 8;
    %store/vec4 v0x7fb19d418c70_0, 0, 8;
    %pushi/vec4 60, 0, 8;
    %store/vec4 v0x7fb19d418d00_0, 0, 8;
    %delay 20000, 0;
    %pushi/vec4 0, 0, 1;
    %store/vec4 v0x7fb19d418b40_0, 0, 1;
    %delay 20000, 0;
    %pushi/vec4 0, 0, 1;
    %store/vec4 v0x7fb19d418b40_0, 0, 1;
    %delay 700000, 0;
    %vpi_call 2 62 "$finish" {0 0 0};
    %end;
    .thread T_3;
    .scope S_0x7fb19d407ce0;
T_4 ;
    %delay 10000, 0;
    %load/vec4 v0x7fb19d418600_0;
    %inv;
    %store/vec4 v0x7fb19d418600_0, 0, 1;
    %jmp T_4;
    .thread T_4;
    .scope S_0x7fb19d407ce0;
T_5 ;
    %wait E_0x7fb19d4069f0;
    %load/vec4 v0x7fb19d418b40_0;
    %flag_set/vec4 8;
    %jmp/0xz  T_5.0, 8;
    %pushi/vec4 0, 0, 6;
    %assign/vec4 v0x7fb19d418720_0, 0;
    %load/vec4 v0x7fb19d418c70_0;
    %assign/vec4 v0x7fb19d418850_0, 0;
    %load/vec4 v0x7fb19d418d00_0;
    %assign/vec4 v0x7fb19d418930_0, 0;
    %pushi/vec4 0, 0, 16;
    %assign/vec4 v0x7fb19d418690_0, 0;
    %pushi/vec4 0, 0, 1;
    %assign/vec4 v0x7fb19d4187b0_0, 0;
    %jmp T_5.1;
T_5.0 ;
    %load/vec4 v0x7fb19d418850_0;
    %pad/s 16;
    %load/vec4 v0x7fb19d418930_0;
    %pad/s 16;
    %mul;
    %assign/vec4 v0x7fb19d418690_0, 0;
    %load/vec4 v0x7fb19d418720_0;
    %addi 1, 0, 6;
    %assign/vec4 v0x7fb19d418720_0, 0;
    %load/vec4 v0x7fb19d418a90_0;
    %pad/u 32;
    %cmpi/e 1, 0, 32;
    %jmp/0xz  T_5.2, 4;
    %load/vec4 v0x7fb19d4189e0_0;
    %load/vec4 v0x7fb19d418690_0;
    %cmp/ne;
    %jmp/0xz  T_5.4, 4;
    %pushi/vec4 1, 0, 1;
    %assign/vec4 v0x7fb19d4187b0_0, 0;
    %vpi_call 2 89 "$display" {0 0 0};
    %vpi_call 2 90 "$display", "//////////" {0 0 0};
    %vpi_call 2 91 "$display", "// Fail //" {0 0 0};
    %vpi_call 2 92 "$display", "//////////" {0 0 0};
    %vpi_call 2 93 "$display", "doing %d * %d ...", v0x7fb19d418c70_0, v0x7fb19d418d00_0 {0 0 0};
    %vpi_call 2 94 "$display", "your answer is %d, but correct answer is %d\012", v0x7fb19d4189e0_0, v0x7fb19d418690_0 {0 0 0};
    %vpi_call 2 96 "$display" {0 0 0};
    %jmp T_5.5;
T_5.4 ;
    %pushi/vec4 0, 0, 1;
    %assign/vec4 v0x7fb19d4187b0_0, 0;
    %vpi_call 2 101 "$display" {0 0 0};
    %vpi_call 2 102 "$display", "////////////////" {0 0 0};
    %vpi_call 2 103 "$display", "// Successful //" {0 0 0};
    %vpi_call 2 104 "$display", "////////////////" {0 0 0};
    %vpi_call 2 105 "$display", "doing %d * %d ...", v0x7fb19d418c70_0, v0x7fb19d418d00_0 {0 0 0};
    %vpi_call 2 106 "$display", "your answer is %d,  correct answer is %d\012", v0x7fb19d4189e0_0, v0x7fb19d418690_0 {0 0 0};
    %vpi_call 2 108 "$display" {0 0 0};
T_5.5 ;
T_5.2 ;
T_5.1 ;
    %jmp T_5;
    .thread T_5;
# The file index is used to find the file name in the following table.
:file_names 4;
    "N/A";
    "<interactive>";
    "tb_lab9_unsigned.v";
    "./lab9.v";
